Determining if the pthread_create exist failed with the following output:
Change Dir: /home/michaelrabinovich/dog_editor/build/CMakeFiles/CMakeTmp

Run Build Command:"/usr/bin/make" "cmTC_ed1e0/fast"
/usr/bin/make -f CMakeFiles/cmTC_ed1e0.dir/build.make CMakeFiles/cmTC_ed1e0.dir/build
make[1]: Entering directory '/home/michaelrabinovich/dog_editor/build/CMakeFiles/CMakeTmp'
Building C object CMakeFiles/cmTC_ed1e0.dir/CheckSymbolExists.c.o
/usr/bin/cc   -fPIC    -o CMakeFiles/cmTC_ed1e0.dir/CheckSymbolExists.c.o   -c /home/michaelrabinovich/dog_editor/build/CMakeFiles/CMakeTmp/CheckSymbolExists.c
Linking C executable cmTC_ed1e0
/usr/bin/cmake -E cmake_link_script CMakeFiles/cmTC_ed1e0.dir/link.txt --verbose=1
/usr/bin/cc  -fPIC     -rdynamic CMakeFiles/cmTC_ed1e0.dir/CheckSymbolExists.c.o  -o cmTC_ed1e0 
CMakeFiles/cmTC_ed1e0.dir/CheckSymbolExists.c.o: In function `main':
CheckSymbolExists.c:(.text+0x1b): undefined reference to `pthread_create'
collect2: error: ld returned 1 exit status
CMakeFiles/cmTC_ed1e0.dir/build.make:97: recipe for target 'cmTC_ed1e0' failed
make[1]: *** [cmTC_ed1e0] Error 1
make[1]: Leaving directory '/home/michaelrabinovich/dog_editor/build/CMakeFiles/CMakeTmp'
Makefile:126: recipe for target 'cmTC_ed1e0/fast' failed
make: *** [cmTC_ed1e0/fast] Error 2

File /home/michaelrabinovich/dog_editor/build/CMakeFiles/CMakeTmp/CheckSymbolExists.c:
/* */
#include <pthread.h>

int main(int argc, char** argv)
{
  (void)argv;
#ifndef pthread_create
  return ((int*)(&pthread_create))[argc];
#else
  (void)argc;
  return 0;
#endif
}

Determining if the function pthread_create exists in the pthreads failed with the following output:
Change Dir: /home/michaelrabinovich/dog_editor/build/CMakeFiles/CMakeTmp

Run Build Command:"/usr/bin/make" "cmTC_463d9/fast"
/usr/bin/make -f CMakeFiles/cmTC_463d9.dir/build.make CMakeFiles/cmTC_463d9.dir/build
make[1]: Entering directory '/home/michaelrabinovich/dog_editor/build/CMakeFiles/CMakeTmp'
Building C object CMakeFiles/cmTC_463d9.dir/CheckFunctionExists.c.o
/usr/bin/cc   -fPIC -DCHECK_FUNCTION_EXISTS=pthread_create   -o CMakeFiles/cmTC_463d9.dir/CheckFunctionExists.c.o   -c /usr/share/cmake-3.10/Modules/CheckFunctionExists.c
Linking C executable cmTC_463d9
/usr/bin/cmake -E cmake_link_script CMakeFiles/cmTC_463d9.dir/link.txt --verbose=1
/usr/bin/cc  -fPIC -DCHECK_FUNCTION_EXISTS=pthread_create    -rdynamic CMakeFiles/cmTC_463d9.dir/CheckFunctionExists.c.o  -o cmTC_463d9 -lpthreads 
/usr/bin/ld: cannot find -lpthreads
collect2: error: ld returned 1 exit status
CMakeFiles/cmTC_463d9.dir/build.make:97: recipe for target 'cmTC_463d9' failed
make[1]: *** [cmTC_463d9] Error 1
make[1]: Leaving directory '/home/michaelrabinovich/dog_editor/build/CMakeFiles/CMakeTmp'
Makefile:126: recipe for target 'cmTC_463d9/fast' failed
make: *** [cmTC_463d9/fast] Error 2


